Build started 22.06.2015 22:23:21.
     1>Project "C:\Users\Genia\Documents\Visual Studio 2012\Projects\DZ22.2\DZ22.2\DZ22.2.vcxproj" on node 2 (Rebuild target(s)).
     1>ClCompile:
         C:\Program Files (x86)\Microsoft Visual Studio 11.0\VC\bin\CL.exe /c /ZI /nologo /W3 /WX- /Od /Oy- /D WIN32 /D _DEBUG /D _CONSOLE /D _UNICODE /D UNICODE /Gm /EHsc /RTC1 /MDd /GS /fp:precise /Zc:wchar_t /Zc:forScope /Fo"Debug\\" /Fd"Debug\vc110.pdb" /Gd /TP /analyze- /errorReport:prompt dz22.2.cpp
         dz22.2.cpp
     1>c:\users\genia\documents\visual studio 2012\projects\dz22.2\dz22.2\dz22.2.cpp(23): warning C4996: 'strcpy': This function or variable may be unsafe. Consider using strcpy_s instead. To disable deprecation, use _CRT_SECURE_NO_WARNINGS. See online help for details.
                 c:\program files (x86)\microsoft visual studio 11.0\vc\include\string.h(110) : see declaration of 'strcpy'
     1>c:\users\genia\documents\visual studio 2012\projects\dz22.2\dz22.2\dz22.2.cpp(29): warning C4996: 'strcpy': This function or variable may be unsafe. Consider using strcpy_s instead. To disable deprecation, use _CRT_SECURE_NO_WARNINGS. See online help for details.
                 c:\program files (x86)\microsoft visual studio 11.0\vc\include\string.h(110) : see declaration of 'strcpy'
     1>c:\users\genia\documents\visual studio 2012\projects\dz22.2\dz22.2\dz22.2.cpp(35): warning C4996: 'strcpy': This function or variable may be unsafe. Consider using strcpy_s instead. To disable deprecation, use _CRT_SECURE_NO_WARNINGS. See online help for details.
                 c:\program files (x86)\microsoft visual studio 11.0\vc\include\string.h(110) : see declaration of 'strcpy'
     1>c:\users\genia\documents\visual studio 2012\projects\dz22.2\dz22.2\dz22.2.cpp(44): warning C4996: 'gets': This function or variable may be unsafe. Consider using gets_s instead. To disable deprecation, use _CRT_SECURE_NO_WARNINGS. See online help for details.
                 c:\program files (x86)\microsoft visual studio 11.0\vc\include\stdio.h(261) : see declaration of 'gets'
     1>c:\users\genia\documents\visual studio 2012\projects\dz22.2\dz22.2\dz22.2.cpp(48): warning C4996: 'strcpy': This function or variable may be unsafe. Consider using strcpy_s instead. To disable deprecation, use _CRT_SECURE_NO_WARNINGS. See online help for details.
                 c:\program files (x86)\microsoft visual studio 11.0\vc\include\string.h(110) : see declaration of 'strcpy'
       Link:
         C:\Program Files (x86)\Microsoft Visual Studio 11.0\VC\bin\link.exe /ERRORREPORT:PROMPT /OUT:"C:\Users\Genia\Documents\Visual Studio 2012\Projects\DZ22.2\Debug\DZ22.2.exe" /INCREMENTAL /NOLOGO kernel32.lib user32.lib gdi32.lib winspool.lib comdlg32.lib advapi32.lib shell32.lib ole32.lib oleaut32.lib uuid.lib odbc32.lib odbccp32.lib /MANIFEST /MANIFESTUAC:"level='asInvoker' uiAccess='false'" /manifest:embed /DEBUG /PDB:"C:\Users\Genia\Documents\Visual Studio 2012\Projects\DZ22.2\Debug\DZ22.2.pdb" /SUBSYSTEM:CONSOLE /TLBID:1 /DYNAMICBASE /NXCOMPAT /IMPLIB:"C:\Users\Genia\Documents\Visual Studio 2012\Projects\DZ22.2\Debug\DZ22.2.lib" /MACHINE:X86 Debug\dz22.2.obj
         DZ22.2.vcxproj -> C:\Users\Genia\Documents\Visual Studio 2012\Projects\DZ22.2\Debug\DZ22.2.exe
     1>Done Building Project "C:\Users\Genia\Documents\Visual Studio 2012\Projects\DZ22.2\DZ22.2\DZ22.2.vcxproj" (Rebuild target(s)).

Build succeeded.

Time Elapsed 00:00:05.27
