C:\USERS\GENIA\DOCUMENTS\VISUAL STUDIO 2012\PROJECTS\DZ22.2\DZ22.2\DEBUG\DZ22.2.OBJ
C:\USERS\GENIA\DOCUMENTS\VISUAL STUDIO 2012\PROJECTS\DZ22.2\DZ22.2\DEBUG\VC110.PDB
C:\USERS\GENIA\DOCUMENTS\VISUAL STUDIO 2012\PROJECTS\DZ22.2\DEBUG\DZ22.2.ILK
C:\USERS\GENIA\DOCUMENTS\VISUAL STUDIO 2012\PROJECTS\DZ22.2\DEBUG\DZ22.2.EXE
C:\USERS\GENIA\DOCUMENTS\VISUAL STUDIO 2012\PROJECTS\DZ22.2\DEBUG\DZ22.2.PDB
C:\Users\Genia\Documents\Visual Studio 2012\Projects\DZ22.2\DZ22.2\Debug\dz22.2.obj
C:\Users\Genia\Documents\Visual Studio 2012\Projects\DZ22.2\DZ22.2\Debug\cl.command.1.tlog
C:\Users\Genia\Documents\Visual Studio 2012\Projects\DZ22.2\DZ22.2\Debug\CL.read.1.tlog
C:\Users\Genia\Documents\Visual Studio 2012\Projects\DZ22.2\DZ22.2\Debug\CL.write.1.tlog
C:\Users\Genia\Documents\Visual Studio 2012\Projects\DZ22.2\DZ22.2\Debug\link-cvtres.read.1.tlog
C:\Users\Genia\Documents\Visual Studio 2012\Projects\DZ22.2\DZ22.2\Debug\link-cvtres.write.1.tlog
C:\Users\Genia\Documents\Visual Studio 2012\Projects\DZ22.2\DZ22.2\Debug\link-rc.read.1.tlog
C:\Users\Genia\Documents\Visual Studio 2012\Projects\DZ22.2\DZ22.2\Debug\link-rc.write.1.tlog
C:\Users\Genia\Documents\Visual Studio 2012\Projects\DZ22.2\DZ22.2\Debug\link.13404-cvtres.read.1.tlog
C:\Users\Genia\Documents\Visual Studio 2012\Projects\DZ22.2\DZ22.2\Debug\link.13404-cvtres.write.1.tlog
C:\Users\Genia\Documents\Visual Studio 2012\Projects\DZ22.2\DZ22.2\Debug\link.13404-rc.read.1.tlog
C:\Users\Genia\Documents\Visual Studio 2012\Projects\DZ22.2\DZ22.2\Debug\link.13404-rc.write.1.tlog
C:\Users\Genia\Documents\Visual Studio 2012\Projects\DZ22.2\DZ22.2\Debug\link.13404.read.1.tlog
C:\Users\Genia\Documents\Visual Studio 2012\Projects\DZ22.2\DZ22.2\Debug\link.13404.write.1.tlog
C:\Users\Genia\Documents\Visual Studio 2012\Projects\DZ22.2\DZ22.2\Debug\link.20872-cvtres.read.1.tlog
C:\Users\Genia\Documents\Visual Studio 2012\Projects\DZ22.2\DZ22.2\Debug\link.20872-cvtres.write.1.tlog
C:\Users\Genia\Documents\Visual Studio 2012\Projects\DZ22.2\DZ22.2\Debug\link.20872-rc.read.1.tlog
C:\Users\Genia\Documents\Visual Studio 2012\Projects\DZ22.2\DZ22.2\Debug\link.20872-rc.write.1.tlog
C:\Users\Genia\Documents\Visual Studio 2012\Projects\DZ22.2\DZ22.2\Debug\link.20872.read.1.tlog
C:\Users\Genia\Documents\Visual Studio 2012\Projects\DZ22.2\DZ22.2\Debug\link.20872.write.1.tlog
C:\Users\Genia\Documents\Visual Studio 2012\Projects\DZ22.2\DZ22.2\Debug\link.command.1.tlog
C:\Users\Genia\Documents\Visual Studio 2012\Projects\DZ22.2\DZ22.2\Debug\link.read.1.tlog
C:\Users\Genia\Documents\Visual Studio 2012\Projects\DZ22.2\DZ22.2\Debug\link.write.1.tlog
C:\Users\Genia\Documents\Visual Studio 2012\Projects\DZ22.2\DZ22.2\Debug\vc110.idb
C:\Users\Genia\Documents\Visual Studio 2012\Projects\DZ22.2\DZ22.2\Debug\vc110.pdb
C:\Users\Genia\Documents\Visual Studio 2012\Projects\DZ22.2\Debug\DZ22.2.pdb
C:\Users\Genia\Documents\Visual Studio 2012\Projects\DZ22.2\Debug\DZ22.2.exe
C:\Users\Genia\Documents\Visual Studio 2012\Projects\DZ22.2\Debug\DZ22.2.ilk
