Build started 26.09.2015 17:12:41.
     1>Project "c:\Users\Genia\documents\visual studio 2012\Projects\Win32API_DZ1.2\Win32API_DZ1.2\Win32API_DZ1.2.vcxproj" on node 2 (Build target(s)).
     1>ClCompile:
         C:\Program Files (x86)\Microsoft Visual Studio 11.0\VC\bin\CL.exe /c /ZI /nologo /W3 /WX- /Od /Oy- /D WIN32 /D _DEBUG /D _WINDOWS /D _UNICODE /D UNICODE /Gm /EHsc /RTC1 /MDd /GS /fp:precise /Zc:wchar_t /Zc:forScope /Fo"Debug\\" /Fd"Debug\vc110.pdb" /Gd /TP /analyze- /errorReport:prompt Source.cpp
         Source.cpp
     1>c:\users\genia\documents\visual studio 2012\projects\win32api_dz1.2\win32api_dz1.2\source.cpp(24): warning C4244: 'argument' : conversion from 'time_t' to 'unsigned int', possible loss of data
     1>c:\users\genia\documents\visual studio 2012\projects\win32api_dz1.2\win32api_dz1.2\source.cpp(49): warning C4996: '_itow': This function or variable may be unsafe. Consider using _itow_s instead. To disable deprecation, use _CRT_SECURE_NO_WARNINGS. See online help for details.
                 c:\program files (x86)\microsoft visual studio 11.0\vc\include\stdlib.h(666) : see declaration of '_itow'
     1>c:\users\genia\documents\visual studio 2012\projects\win32api_dz1.2\win32api_dz1.2\source.cpp(50): warning C4996: 'wcscat': This function or variable may be unsafe. Consider using wcscat_s instead. To disable deprecation, use _CRT_SECURE_NO_WARNINGS. See online help for details.
                 c:\program files (x86)\microsoft visual studio 11.0\vc\include\string.h(279) : see declaration of 'wcscat'
     1>c:\users\genia\documents\visual studio 2012\projects\win32api_dz1.2\win32api_dz1.2\source.cpp(55): warning C4996: '_itow': This function or variable may be unsafe. Consider using _itow_s instead. To disable deprecation, use _CRT_SECURE_NO_WARNINGS. See online help for details.
                 c:\program files (x86)\microsoft visual studio 11.0\vc\include\stdlib.h(666) : see declaration of '_itow'
     1>c:\users\genia\documents\visual studio 2012\projects\win32api_dz1.2\win32api_dz1.2\source.cpp(56): warning C4996: 'wcscat': This function or variable may be unsafe. Consider using wcscat_s instead. To disable deprecation, use _CRT_SECURE_NO_WARNINGS. See online help for details.
                 c:\program files (x86)\microsoft visual studio 11.0\vc\include\string.h(279) : see declaration of 'wcscat'
       Link:
         C:\Program Files (x86)\Microsoft Visual Studio 11.0\VC\bin\link.exe /ERRORREPORT:PROMPT /OUT:"c:\users\genia\documents\visual studio 2012\Projects\Win32API_DZ1.2\Debug\Win32API_DZ1.2.exe" /INCREMENTAL /NOLOGO kernel32.lib user32.lib gdi32.lib winspool.lib comdlg32.lib advapi32.lib shell32.lib ole32.lib oleaut32.lib uuid.lib odbc32.lib odbccp32.lib /MANIFEST /MANIFESTUAC:"level='asInvoker' uiAccess='false'" /manifest:embed /DEBUG /PDB:"c:\users\genia\documents\visual studio 2012\Projects\Win32API_DZ1.2\Debug\Win32API_DZ1.2.pdb" /SUBSYSTEM:WINDOWS /TLBID:1 /DYNAMICBASE /NXCOMPAT /IMPLIB:"c:\users\genia\documents\visual studio 2012\Projects\Win32API_DZ1.2\Debug\Win32API_DZ1.2.lib" /MACHINE:X86 Debug\Source.obj
         Win32API_DZ1.2.vcxproj -> c:\users\genia\documents\visual studio 2012\Projects\Win32API_DZ1.2\Debug\Win32API_DZ1.2.exe
     1>Done Building Project "c:\Users\Genia\documents\visual studio 2012\Projects\Win32API_DZ1.2\Win32API_DZ1.2\Win32API_DZ1.2.vcxproj" (Build target(s)).

Build succeeded.

Time Elapsed 00:00:01.98
