C:\USERS\GENIA\DOCUMENTS\VISUAL STUDIO 2012\PROJECTS\DZ22.1\DZ22.1\DEBUG\VC110.PDB
C:\USERS\GENIA\DOCUMENTS\VISUAL STUDIO 2012\PROJECTS\DZ22.1\DZ22.1\DEBUG\DZ22.1.OBJ
C:\USERS\GENIA\DOCUMENTS\VISUAL STUDIO 2012\PROJECTS\DZ22.1\DEBUG\DZ22.1.ILK
C:\USERS\GENIA\DOCUMENTS\VISUAL STUDIO 2012\PROJECTS\DZ22.1\DEBUG\DZ22.1.EXE
C:\USERS\GENIA\DOCUMENTS\VISUAL STUDIO 2012\PROJECTS\DZ22.1\DEBUG\DZ22.1.PDB
C:\Users\Genia\Documents\Visual Studio 2012\Projects\DZ22.1\DZ22.1\Debug\dz22.1.obj
C:\Users\Genia\Documents\Visual Studio 2012\Projects\DZ22.1\DZ22.1\Debug\cl.command.1.tlog
C:\Users\Genia\Documents\Visual Studio 2012\Projects\DZ22.1\DZ22.1\Debug\CL.read.1.tlog
C:\Users\Genia\Documents\Visual Studio 2012\Projects\DZ22.1\DZ22.1\Debug\CL.write.1.tlog
C:\Users\Genia\Documents\Visual Studio 2012\Projects\DZ22.1\DZ22.1\Debug\link-cvtres.read.1.tlog
C:\Users\Genia\Documents\Visual Studio 2012\Projects\DZ22.1\DZ22.1\Debug\link-cvtres.write.1.tlog
C:\Users\Genia\Documents\Visual Studio 2012\Projects\DZ22.1\DZ22.1\Debug\link-rc.read.1.tlog
C:\Users\Genia\Documents\Visual Studio 2012\Projects\DZ22.1\DZ22.1\Debug\link-rc.write.1.tlog
C:\Users\Genia\Documents\Visual Studio 2012\Projects\DZ22.1\DZ22.1\Debug\link.2076-cvtres.read.1.tlog
C:\Users\Genia\Documents\Visual Studio 2012\Projects\DZ22.1\DZ22.1\Debug\link.2076-cvtres.write.1.tlog
C:\Users\Genia\Documents\Visual Studio 2012\Projects\DZ22.1\DZ22.1\Debug\link.2076-rc.read.1.tlog
C:\Users\Genia\Documents\Visual Studio 2012\Projects\DZ22.1\DZ22.1\Debug\link.2076-rc.write.1.tlog
C:\Users\Genia\Documents\Visual Studio 2012\Projects\DZ22.1\DZ22.1\Debug\link.2076.read.1.tlog
C:\Users\Genia\Documents\Visual Studio 2012\Projects\DZ22.1\DZ22.1\Debug\link.2076.write.1.tlog
C:\Users\Genia\Documents\Visual Studio 2012\Projects\DZ22.1\DZ22.1\Debug\link.43164-cvtres.read.1.tlog
C:\Users\Genia\Documents\Visual Studio 2012\Projects\DZ22.1\DZ22.1\Debug\link.43164-cvtres.write.1.tlog
C:\Users\Genia\Documents\Visual Studio 2012\Projects\DZ22.1\DZ22.1\Debug\link.43164-rc.read.1.tlog
C:\Users\Genia\Documents\Visual Studio 2012\Projects\DZ22.1\DZ22.1\Debug\link.43164-rc.write.1.tlog
C:\Users\Genia\Documents\Visual Studio 2012\Projects\DZ22.1\DZ22.1\Debug\link.43164.read.1.tlog
C:\Users\Genia\Documents\Visual Studio 2012\Projects\DZ22.1\DZ22.1\Debug\link.43164.write.1.tlog
C:\Users\Genia\Documents\Visual Studio 2012\Projects\DZ22.1\DZ22.1\Debug\link.5784-cvtres.read.1.tlog
C:\Users\Genia\Documents\Visual Studio 2012\Projects\DZ22.1\DZ22.1\Debug\link.5784-cvtres.write.1.tlog
C:\Users\Genia\Documents\Visual Studio 2012\Projects\DZ22.1\DZ22.1\Debug\link.5784-rc.read.1.tlog
C:\Users\Genia\Documents\Visual Studio 2012\Projects\DZ22.1\DZ22.1\Debug\link.5784-rc.write.1.tlog
C:\Users\Genia\Documents\Visual Studio 2012\Projects\DZ22.1\DZ22.1\Debug\link.5784.read.1.tlog
C:\Users\Genia\Documents\Visual Studio 2012\Projects\DZ22.1\DZ22.1\Debug\link.5784.write.1.tlog
C:\Users\Genia\Documents\Visual Studio 2012\Projects\DZ22.1\DZ22.1\Debug\link.64024-cvtres.read.1.tlog
C:\Users\Genia\Documents\Visual Studio 2012\Projects\DZ22.1\DZ22.1\Debug\link.64024-cvtres.write.1.tlog
C:\Users\Genia\Documents\Visual Studio 2012\Projects\DZ22.1\DZ22.1\Debug\link.64024-rc.read.1.tlog
C:\Users\Genia\Documents\Visual Studio 2012\Projects\DZ22.1\DZ22.1\Debug\link.64024-rc.write.1.tlog
C:\Users\Genia\Documents\Visual Studio 2012\Projects\DZ22.1\DZ22.1\Debug\link.64024.read.1.tlog
C:\Users\Genia\Documents\Visual Studio 2012\Projects\DZ22.1\DZ22.1\Debug\link.64024.write.1.tlog
C:\Users\Genia\Documents\Visual Studio 2012\Projects\DZ22.1\DZ22.1\Debug\link.command.1.tlog
C:\Users\Genia\Documents\Visual Studio 2012\Projects\DZ22.1\DZ22.1\Debug\link.read.1.tlog
C:\Users\Genia\Documents\Visual Studio 2012\Projects\DZ22.1\DZ22.1\Debug\link.write.1.tlog
C:\Users\Genia\Documents\Visual Studio 2012\Projects\DZ22.1\DZ22.1\Debug\vc110.idb
C:\Users\Genia\Documents\Visual Studio 2012\Projects\DZ22.1\DZ22.1\Debug\vc110.pdb
C:\Users\Genia\Documents\Visual Studio 2012\Projects\DZ22.1\Debug\DZ22.1.pdb
C:\Users\Genia\Documents\Visual Studio 2012\Projects\DZ22.1\Debug\DZ22.1.exe
C:\Users\Genia\Documents\Visual Studio 2012\Projects\DZ22.1\Debug\DZ22.1.ilk
