C:\USERS\GENIA\DOCUMENTS\VISUAL STUDIO 2012\PROJECTS\DZ26\DZ26\DEBUG\DZ26.1.OBJ
C:\USERS\GENIA\DOCUMENTS\VISUAL STUDIO 2012\PROJECTS\DZ26\DZ26\DEBUG\VC110.PDB
C:\USERS\GENIA\DOCUMENTS\VISUAL STUDIO 2012\PROJECTS\DZ26\DEBUG\DZ26.ILK
C:\USERS\GENIA\DOCUMENTS\VISUAL STUDIO 2012\PROJECTS\DZ26\DEBUG\DZ26.EXE
C:\USERS\GENIA\DOCUMENTS\VISUAL STUDIO 2012\PROJECTS\DZ26\DEBUG\DZ26.PDB
C:\Users\Genia\Documents\Visual Studio 2012\Projects\DZ26\DZ26\Debug\dz26.1.obj
C:\Users\Genia\Documents\Visual Studio 2012\Projects\DZ26\DZ26\Debug\cl.command.1.tlog
C:\Users\Genia\Documents\Visual Studio 2012\Projects\DZ26\DZ26\Debug\CL.read.1.tlog
C:\Users\Genia\Documents\Visual Studio 2012\Projects\DZ26\DZ26\Debug\CL.write.1.tlog
C:\Users\Genia\Documents\Visual Studio 2012\Projects\DZ26\DZ26\Debug\link-cvtres.read.1.tlog
C:\Users\Genia\Documents\Visual Studio 2012\Projects\DZ26\DZ26\Debug\link-cvtres.write.1.tlog
C:\Users\Genia\Documents\Visual Studio 2012\Projects\DZ26\DZ26\Debug\link-rc.read.1.tlog
C:\Users\Genia\Documents\Visual Studio 2012\Projects\DZ26\DZ26\Debug\link-rc.write.1.tlog
C:\Users\Genia\Documents\Visual Studio 2012\Projects\DZ26\DZ26\Debug\link.command.1.tlog
C:\Users\Genia\Documents\Visual Studio 2012\Projects\DZ26\DZ26\Debug\link.read.1.tlog
C:\Users\Genia\Documents\Visual Studio 2012\Projects\DZ26\DZ26\Debug\link.write.1.tlog
C:\Users\Genia\Documents\Visual Studio 2012\Projects\DZ26\DZ26\Debug\vc110.idb
C:\Users\Genia\Documents\Visual Studio 2012\Projects\DZ26\DZ26\Debug\vc110.pdb
C:\Users\Genia\Documents\Visual Studio 2012\Projects\DZ26\Debug\DZ26.pdb
C:\Users\Genia\Documents\Visual Studio 2012\Projects\DZ26\Debug\DZ26.exe
C:\Users\Genia\Documents\Visual Studio 2012\Projects\DZ26\Debug\DZ26.ilk
